<?xml version="1.0" encoding="UTF-8"?>
<testng-results ignored="0" total="1" passed="1" failed="0" skipped="0">
  <reporter-output>
  </reporter-output>
  <suite started-at="2022-07-06T16:26:40 IST" name="Default suite" finished-at="2022-07-06T16:26:47 IST" duration-ms="6960">
    <groups>
    </groups>
    <test started-at="2022-07-06T16:26:40 IST" name="Default test" finished-at="2022-07-06T16:26:47 IST" duration-ms="6960">
      <class name="Development.Firstblastit_API_Login">
        <test-method signature="login()[pri:1, instance:Development.Firstblastit_API_Login@618425b5]" started-at="2022-07-06T16:26:40 IST" name="login" finished-at="2022-07-06T16:26:47 IST" duration-ms="6874" status="PASS">
          <reporter-output>
          </reporter-output>
        </test-method> <!-- login -->
      </class> <!-- Development.Firstblastit_API_Login -->
    </test> <!-- Default test -->
  </suite> <!-- Default suite -->
</testng-results>
