<?xml version="1.0" encoding="UTF-8"?>
<testng-results ignored="1" total="2" passed="1" failed="0" skipped="0">
  <reporter-output>
  </reporter-output>
  <suite started-at="2022-08-01T15:47:14 IST" name="Default suite" finished-at="2022-08-01T15:47:20 IST" duration-ms="5893">
    <groups>
    </groups>
    <test started-at="2022-08-01T15:47:14 IST" name="Default test" finished-at="2022-08-01T15:47:20 IST" duration-ms="5893">
      <class name="Development.New_User">
        <test-method signature="OTP_Verification()[pri:0, instance:Development.New_User@368247b9]" started-at="2022-08-01T15:47:14 IST" name="OTP_Verification" finished-at="2022-08-01T15:47:20 IST" duration-ms="5814" status="PASS">
          <reporter-output>
          </reporter-output>
        </test-method> <!-- OTP_Verification -->
      </class> <!-- Development.New_User -->
    </test> <!-- Default test -->
  </suite> <!-- Default suite -->
</testng-results>
